0 info it worked if it ends with ok
1 verbose cli [ '/usr/bin/nodejs', '/usr/bin/npm', 'install', 'mime' ]
2 info using npm@3.5.2
3 info using node@v4.2.6
4 silly loadCurrentTree Starting
5 silly install loadCurrentTree
6 silly install readLocalPackageData
7 silly fetchPackageMetaData mime
8 silly fetchNamedPackageData mime
9 silly mapToRegistry name mime
10 silly mapToRegistry using default registry
11 silly mapToRegistry registry https://registry.npmjs.org/
12 silly mapToRegistry uri https://registry.npmjs.org/mime
13 verbose request uri https://registry.npmjs.org/mime
14 verbose request no auth needed
15 info attempt registry request try #1 at 4:23:39 PM
16 verbose request id 526250f3bc9dee7f
17 verbose etag "79WS74DR9ZLUO4ED6IFCU8FQ4"
18 http request GET https://registry.npmjs.org/mime
19 http 304 https://registry.npmjs.org/mime
20 verbose headers { date: 'Thu, 01 Sep 2016 10:53:42 GMT',
20 verbose headers   via: '1.1 varnish',
20 verbose headers   'cache-control': 'max-age=300',
20 verbose headers   etag: '"79WS74DR9ZLUO4ED6IFCU8FQ4"',
20 verbose headers   age: '252',
20 verbose headers   connection: 'keep-alive',
20 verbose headers   'x-served-by': 'cache-sin6926-SIN',
20 verbose headers   'x-cache': 'HIT',
20 verbose headers   'x-cache-hits': '36',
20 verbose headers   'x-timer': 'S1472727222.530654,VS0,VE0',
20 verbose headers   vary: 'Accept-Encoding' }
21 silly get cb [ 304,
21 silly get   { date: 'Thu, 01 Sep 2016 10:53:42 GMT',
21 silly get     via: '1.1 varnish',
21 silly get     'cache-control': 'max-age=300',
21 silly get     etag: '"79WS74DR9ZLUO4ED6IFCU8FQ4"',
21 silly get     age: '252',
21 silly get     connection: 'keep-alive',
21 silly get     'x-served-by': 'cache-sin6926-SIN',
21 silly get     'x-cache': 'HIT',
21 silly get     'x-cache-hits': '36',
21 silly get     'x-timer': 'S1472727222.530654,VS0,VE0',
21 silly get     vary: 'Accept-Encoding' } ]
22 verbose etag https://registry.npmjs.org/mime from cache
23 verbose get saving mime to /home/nirabhra/.npm/registry.npmjs.org/mime/.cache.json
24 silly install normalizeTree
25 silly loadCurrentTree Finishing
26 silly loadIdealTree Starting
27 silly install loadIdealTree
28 silly cloneCurrentTree Starting
29 silly install cloneCurrentTreeToIdealTree
30 silly cloneCurrentTree Finishing
31 silly loadShrinkwrap Starting
32 silly install loadShrinkwrap
33 silly loadShrinkwrap Finishing
34 silly loadAllDepsIntoIdealTree Starting
35 silly install loadAllDepsIntoIdealTree
36 silly resolveWithNewModule mime@1.3.4 checking installable status
37 silly cache add args [ 'mime', null ]
38 verbose cache add spec mime
39 silly cache add parsed spec Result {
39 silly cache add   raw: 'mime',
39 silly cache add   scope: null,
39 silly cache add   name: 'mime',
39 silly cache add   rawSpec: '',
39 silly cache add   spec: 'latest',
39 silly cache add   type: 'tag' }
40 silly addNamed mime@latest
41 verbose addNamed "latest" is being treated as a dist-tag for mime
42 info addNameTag [ 'mime', 'latest' ]
43 silly mapToRegistry name mime
44 silly mapToRegistry using default registry
45 silly mapToRegistry registry https://registry.npmjs.org/
46 silly mapToRegistry uri https://registry.npmjs.org/mime
47 verbose addNameTag registry:https://registry.npmjs.org/mime not in flight; fetching
48 verbose get https://registry.npmjs.org/mime not expired, no request
49 silly addNameTag next cb for mime with tag latest
50 silly addNamed mime@1.3.4
51 verbose addNamed "1.3.4" is a plain semver version for mime
52 silly cache afterAdd mime@1.3.4
53 verbose afterAdd /home/nirabhra/.npm/mime/1.3.4/package/package.json not in flight; writing
54 verbose afterAdd /home/nirabhra/.npm/mime/1.3.4/package/package.json written
55 silly fetchNamedPackageData mime
56 silly mapToRegistry name mime
57 silly mapToRegistry using default registry
58 silly mapToRegistry registry https://registry.npmjs.org/
59 silly mapToRegistry uri https://registry.npmjs.org/mime
60 silly resolveWithNewModule mime@1.2.5 checking installable status
61 silly cache add args [ 'mime@1.2.5', null ]
62 verbose cache add spec mime@1.2.5
63 silly cache add parsed spec Result {
63 silly cache add   raw: 'mime@1.2.5',
63 silly cache add   scope: null,
63 silly cache add   name: 'mime',
63 silly cache add   rawSpec: '1.2.5',
63 silly cache add   spec: '1.2.5',
63 silly cache add   type: 'version' }
64 silly addNamed mime@1.2.5
65 verbose addNamed "1.2.5" is a plain semver version for mime
66 silly mapToRegistry name mime
67 silly mapToRegistry using default registry
68 silly mapToRegistry registry https://registry.npmjs.org/
69 silly mapToRegistry uri https://registry.npmjs.org/mime
70 verbose addNameVersion registry:https://registry.npmjs.org/mime not in flight; fetching
71 verbose get https://registry.npmjs.org/mime not expired, no request
72 silly cache afterAdd mime@1.2.5
73 verbose afterAdd /home/nirabhra/.npm/mime/1.2.5/package/package.json not in flight; writing
74 verbose afterAdd /home/nirabhra/.npm/mime/1.2.5/package/package.json written
75 silly loadAllDepsIntoIdealTree Finishing
76 silly idealTree:prePrune ChemWeb19Nitt@0.0.0
76 silly idealTree:prePrune +-- addressparser@0.3.2
76 silly idealTree:prePrune +-- anchor@0.11.2
76 silly idealTree:prePrune +-- ansi-regex@2.0.0
76 silly idealTree:prePrune +-- ansi-styles@1.0.0
76 silly idealTree:prePrune +-- append-field@0.1.0
76 silly idealTree:prePrune +-- asap@2.0.4
76 silly idealTree:prePrune +-- asn1@0.2.3
76 silly idealTree:prePrune +-- assert-plus@0.2.0
76 silly idealTree:prePrune +-- async@1.2.1
76 silly idealTree:prePrune +-- atob@2.0.3
76 silly idealTree:prePrune +-- aws-sdk-apis@3.1.10
76 silly idealTree:prePrune +-- aws-sdk@2.0.5
76 silly idealTree:prePrune +-- aws-sign2@0.6.0
76 silly idealTree:prePrune +-- aws4@1.4.1
76 silly idealTree:prePrune +-- balanced-match@0.4.2
76 silly idealTree:prePrune +-- base64-url@1.2.2
76 silly idealTree:prePrune +-- batch@0.5.3
76 silly idealTree:prePrune +-- bcrypt@0.8.7
76 silly idealTree:prePrune +-- bignumber.js@2.3.0
76 silly idealTree:prePrune +-- bindings@1.2.1
76 silly idealTree:prePrune +-- bl@1.1.2
76 silly idealTree:prePrune | +-- isarray@1.0.0
76 silly idealTree:prePrune | `-- readable-stream@2.0.6
76 silly idealTree:prePrune +-- bluebird@2.9.34
76 silly idealTree:prePrune +-- body-parser@1.15.2
76 silly idealTree:prePrune | +-- bytes@2.4.0
76 silly idealTree:prePrune | +-- content-type@1.0.2
76 silly idealTree:prePrune | +-- depd@1.1.0
76 silly idealTree:prePrune | +-- http-errors@1.5.0
76 silly idealTree:prePrune | | +-- inherits@2.0.1
76 silly idealTree:prePrune | | +-- setprototypeof@1.0.1
76 silly idealTree:prePrune | | `-- statuses@1.3.0
76 silly idealTree:prePrune | +-- iconv-lite@0.4.13
76 silly idealTree:prePrune | +-- on-finished@2.3.0
76 silly idealTree:prePrune | | `-- ee-first@1.1.1
76 silly idealTree:prePrune | +-- qs@6.2.0
76 silly idealTree:prePrune | +-- raw-body@2.1.7
76 silly idealTree:prePrune | | `-- unpipe@1.0.0
76 silly idealTree:prePrune | `-- type-is@1.6.13
76 silly idealTree:prePrune |   +-- media-typer@0.3.0
76 silly idealTree:prePrune |   `-- mime-types@2.1.11
76 silly idealTree:prePrune |     `-- mime-db@1.23.0
76 silly idealTree:prePrune +-- body@5.1.0
76 silly idealTree:prePrune +-- boom@2.10.1
76 silly idealTree:prePrune +-- brace-expansion@1.1.6
76 silly idealTree:prePrune +-- btoa@1.1.2
76 silly idealTree:prePrune +-- buffer-shims@1.0.0
76 silly idealTree:prePrune +-- buildmail@3.8.0
76 silly idealTree:prePrune | `-- addressparser@1.0.1
76 silly idealTree:prePrune +-- busboy@0.2.13
76 silly idealTree:prePrune +-- bytes@1.0.0
76 silly idealTree:prePrune +-- caseless@0.11.0
76 silly idealTree:prePrune +-- chalk@0.4.0
76 silly idealTree:prePrune +-- client-sessions@0.7.0
76 silly idealTree:prePrune +-- colors@0.6.2
76 silly idealTree:prePrune +-- combined-stream@1.0.5
76 silly idealTree:prePrune +-- commander@2.1.0
76 silly idealTree:prePrune +-- concat-map@0.0.1
76 silly idealTree:prePrune +-- concat-stream@1.4.10
76 silly idealTree:prePrune +-- connect-busboy@0.0.2
76 silly idealTree:prePrune +-- connect-redis@3.1.0
76 silly idealTree:prePrune +-- contextify@0.1.15
76 silly idealTree:prePrune +-- continuable-cache@0.3.1
76 silly idealTree:prePrune +-- cookie-parser@1.4.3
76 silly idealTree:prePrune | +-- cookie-signature@1.0.6
76 silly idealTree:prePrune | `-- cookie@0.3.1
76 silly idealTree:prePrune +-- cookie-signature@1.0.6
76 silly idealTree:prePrune +-- cookie@0.3.1
76 silly idealTree:prePrune +-- cookiejar@1.3.0
76 silly idealTree:prePrune +-- cookies@0.5.0
76 silly idealTree:prePrune +-- core-util-is@1.0.2
76 silly idealTree:prePrune +-- crc@3.4.0
76 silly idealTree:prePrune +-- cryptiles@2.0.5
76 silly idealTree:prePrune +-- cssom@0.3.1
76 silly idealTree:prePrune +-- cssstyle@0.2.36
76 silly idealTree:prePrune +-- cycle@1.0.3
76 silly idealTree:prePrune +-- dashdash@1.14.0
76 silly idealTree:prePrune | `-- assert-plus@1.0.0
76 silly idealTree:prePrune +-- debug@2.2.0
76 silly idealTree:prePrune | `-- ms@0.7.1
76 silly idealTree:prePrune +-- deep-diff@0.3.4
76 silly idealTree:prePrune +-- deep-equal@1.0.1
76 silly idealTree:prePrune +-- delayed-stream@1.0.0
76 silly idealTree:prePrune +-- depd@1.1.0
76 silly idealTree:prePrune +-- dicer@0.2.5
76 silly idealTree:prePrune +-- directmail@0.1.8
76 silly idealTree:prePrune +-- dkim-signer@0.1.2
76 silly idealTree:prePrune +-- dom-serializer@0.1.0
76 silly idealTree:prePrune | `-- domelementtype@1.1.3
76 silly idealTree:prePrune +-- domelementtype@1.3.0
76 silly idealTree:prePrune +-- domhandler@2.3.0
76 silly idealTree:prePrune +-- domutils@1.5.1
76 silly idealTree:prePrune +-- dot-access@0.0.5
76 silly idealTree:prePrune +-- double-ended-queue@2.1.0-0
76 silly idealTree:prePrune +-- ecc-jsbn@0.1.1
76 silly idealTree:prePrune +-- ee-first@1.1.1
76 silly idealTree:prePrune +-- ejs@2.4.2
76 silly idealTree:prePrune +-- emitter-component@1.0.0
76 silly idealTree:prePrune +-- encoding@0.1.12
76 silly idealTree:prePrune +-- encrypter@1.0.0-beta
76 silly idealTree:prePrune +-- entities@1.1.1
76 silly idealTree:prePrune +-- error@7.0.2
76 silly idealTree:prePrune +-- escape-string-regexp@1.0.5
76 silly idealTree:prePrune +-- express-busboy@4.0.0
76 silly idealTree:prePrune | `-- qs@5.2.1
76 silly idealTree:prePrune +-- express-fileupload@0.0.5
76 silly idealTree:prePrune | `-- fs-extra@0.22.1
76 silly idealTree:prePrune +-- express-mail@0.0.1
76 silly idealTree:prePrune | `-- nodemailer@0.6.5
76 silly idealTree:prePrune +-- express-mailer@0.3.1
76 silly idealTree:prePrune | `-- nodemailer@0.7.1
76 silly idealTree:prePrune +-- express-redirect@1.2.2
76 silly idealTree:prePrune +-- express-session@1.14.0
76 silly idealTree:prePrune +-- express-validator@2.20.8
76 silly idealTree:prePrune | +-- bluebird@3.4.1
76 silly idealTree:prePrune | +-- lodash@4.13.1
76 silly idealTree:prePrune | `-- validator@5.4.0
76 silly idealTree:prePrune +-- express@4.13.4
76 silly idealTree:prePrune | +-- accepts@1.2.13
76 silly idealTree:prePrune | | +-- mime-types@2.1.11
76 silly idealTree:prePrune | | | `-- mime-db@1.23.0
76 silly idealTree:prePrune | | `-- negotiator@0.5.3
76 silly idealTree:prePrune | +-- array-flatten@1.1.1
76 silly idealTree:prePrune | +-- content-disposition@0.5.1
76 silly idealTree:prePrune | +-- content-type@1.0.2
76 silly idealTree:prePrune | +-- cookie-signature@1.0.6
76 silly idealTree:prePrune | +-- cookie@0.1.5
76 silly idealTree:prePrune | +-- depd@1.1.0
76 silly idealTree:prePrune | +-- escape-html@1.0.3
76 silly idealTree:prePrune | +-- etag@1.7.0
76 silly idealTree:prePrune | +-- finalhandler@0.4.1
76 silly idealTree:prePrune | | `-- unpipe@1.0.0
76 silly idealTree:prePrune | +-- fresh@0.3.0
76 silly idealTree:prePrune | +-- merge-descriptors@1.0.1
76 silly idealTree:prePrune | +-- methods@1.1.2
76 silly idealTree:prePrune | +-- on-finished@2.3.0
76 silly idealTree:prePrune | | `-- ee-first@1.1.1
76 silly idealTree:prePrune | +-- parseurl@1.3.1
76 silly idealTree:prePrune | +-- path-to-regexp@0.1.7
76 silly idealTree:prePrune | +-- proxy-addr@1.0.10
76 silly idealTree:prePrune | | +-- forwarded@0.1.0
76 silly idealTree:prePrune | | `-- ipaddr.js@1.0.5
76 silly idealTree:prePrune | +-- qs@4.0.0
76 silly idealTree:prePrune | +-- range-parser@1.0.3
76 silly idealTree:prePrune | +-- send@0.13.1
76 silly idealTree:prePrune | | +-- destroy@1.0.4
76 silly idealTree:prePrune | | +-- http-errors@1.3.1
76 silly idealTree:prePrune | | | `-- inherits@2.0.1
76 silly idealTree:prePrune | | +-- mime@1.3.4
76 silly idealTree:prePrune | | +-- ms@0.7.1
76 silly idealTree:prePrune | | `-- statuses@1.2.1
76 silly idealTree:prePrune | +-- serve-static@1.10.3
76 silly idealTree:prePrune | | `-- send@0.13.2
76 silly idealTree:prePrune | |   +-- destroy@1.0.4
76 silly idealTree:prePrune | |   +-- http-errors@1.3.1
76 silly idealTree:prePrune | |   | `-- inherits@2.0.1
76 silly idealTree:prePrune | |   +-- mime@1.3.4
76 silly idealTree:prePrune | |   +-- ms@0.7.1
76 silly idealTree:prePrune | |   `-- statuses@1.2.1
76 silly idealTree:prePrune | +-- type-is@1.6.13
76 silly idealTree:prePrune | | +-- media-typer@0.3.0
76 silly idealTree:prePrune | | `-- mime-types@2.1.11
76 silly idealTree:prePrune | |   `-- mime-db@1.23.0
76 silly idealTree:prePrune | +-- utils-merge@1.0.0
76 silly idealTree:prePrune | `-- vary@1.0.1
76 silly idealTree:prePrune +-- extend@3.0.0
76 silly idealTree:prePrune +-- extsprintf@1.0.2
76 silly idealTree:prePrune +-- eyes@0.1.8
76 silly idealTree:prePrune +-- follow-redirects@0.0.3
76 silly idealTree:prePrune | `-- underscore@1.8.3
76 silly idealTree:prePrune +-- forever-agent@0.6.1
76 silly idealTree:prePrune +-- form-data@1.0.0-rc4
76 silly idealTree:prePrune | `-- async@1.5.2
76 silly idealTree:prePrune +-- formidable@1.0.14
76 silly idealTree:prePrune +-- forwarded@0.1.0
76 silly idealTree:prePrune +-- fs-extra@0.24.0
76 silly idealTree:prePrune +-- fs.realpath@1.0.0
76 silly idealTree:prePrune +-- generate-function@2.0.0
76 silly idealTree:prePrune +-- generate-object-property@1.2.0
76 silly idealTree:prePrune +-- geojsonhint@1.1.0
76 silly idealTree:prePrune +-- getpass@0.1.6
76 silly idealTree:prePrune | `-- assert-plus@1.0.0
76 silly idealTree:prePrune +-- glob@7.0.5
76 silly idealTree:prePrune +-- global-request-logger@0.1.0
76 silly idealTree:prePrune | `-- lodash@2.4.2
76 silly idealTree:prePrune +-- graceful-fs@4.1.5
76 silly idealTree:prePrune +-- graceful-readlink@1.0.1
76 silly idealTree:prePrune +-- har-validator@2.0.6
76 silly idealTree:prePrune | +-- ansi-styles@2.2.1
76 silly idealTree:prePrune | +-- chalk@1.1.3
76 silly idealTree:prePrune | +-- commander@2.9.0
76 silly idealTree:prePrune | `-- strip-ansi@3.0.1
76 silly idealTree:prePrune +-- has-ansi@2.0.0
76 silly idealTree:prePrune +-- has-color@0.1.7
76 silly idealTree:prePrune +-- hawk@3.1.3
76 silly idealTree:prePrune +-- he@0.3.6
76 silly idealTree:prePrune +-- hoek@2.16.3
76 silly idealTree:prePrune +-- htmlparser2@3.9.1
76 silly idealTree:prePrune | +-- isarray@1.0.0
76 silly idealTree:prePrune | `-- readable-stream@2.1.4
76 silly idealTree:prePrune +-- http-signature@1.1.1
76 silly idealTree:prePrune +-- httpntlm@1.6.1
76 silly idealTree:prePrune | `-- underscore@1.7.0
76 silly idealTree:prePrune +-- httpreq@0.4.22
76 silly idealTree:prePrune +-- i@0.3.5
76 silly idealTree:prePrune +-- iconv-lite@0.4.13
76 silly idealTree:prePrune +-- inflight@1.0.5
76 silly idealTree:prePrune +-- inherits@2.0.1
76 silly idealTree:prePrune +-- ip@1.1.3
76 silly idealTree:prePrune +-- ipaddr.js@1.1.1
76 silly idealTree:prePrune +-- is-my-json-valid@2.13.1
76 silly idealTree:prePrune +-- is-property@1.0.2
76 silly idealTree:prePrune +-- is-typedarray@1.0.0
76 silly idealTree:prePrune +-- isarray@0.0.1
76 silly idealTree:prePrune +-- isstream@0.1.2
76 silly idealTree:prePrune +-- jodid25519@1.0.2
76 silly idealTree:prePrune +-- jsbn@0.1.0
76 silly idealTree:prePrune +-- jsdom@0.8.11
76 silly idealTree:prePrune +-- json-schema@0.2.2
76 silly idealTree:prePrune +-- json-stringify-safe@5.0.1
76 silly idealTree:prePrune +-- jsonfile@2.3.1
76 silly idealTree:prePrune +-- jsonlint-lines@1.6.0
76 silly idealTree:prePrune +-- jsonpointer@2.0.0
76 silly idealTree:prePrune +-- jsprim@1.3.0
76 silly idealTree:prePrune +-- JSV@4.0.2
76 silly idealTree:prePrune +-- juice2@0.5.1
76 silly idealTree:prePrune +-- keygrip@1.0.1
76 silly idealTree:prePrune +-- libbase64@0.1.0
76 silly idealTree:prePrune +-- libmime@2.0.3
76 silly idealTree:prePrune +-- libqp@1.1.0
76 silly idealTree:prePrune +-- lodash@3.10.1
76 silly idealTree:prePrune +-- mailcomposer@0.2.12
76 silly idealTree:prePrune | `-- mime@1.2.11
76 silly idealTree:prePrune +-- media-typer@0.3.0
76 silly idealTree:prePrune +-- methods@0.0.1
76 silly idealTree:prePrune +-- mime-db@1.23.0
76 silly idealTree:prePrune +-- mime-types@2.1.11
76 silly idealTree:prePrune +-- mime@1.3.4
76 silly idealTree:prePrune +-- mimelib@0.2.19
76 silly idealTree:prePrune +-- minimatch@3.0.3
76 silly idealTree:prePrune +-- minimist@1.1.1
76 silly idealTree:prePrune +-- mkdirp@0.5.1
76 silly idealTree:prePrune | `-- minimist@0.0.8
76 silly idealTree:prePrune +-- morgan@1.7.0
76 silly idealTree:prePrune | +-- basic-auth@1.0.4
76 silly idealTree:prePrune | +-- depd@1.1.0
76 silly idealTree:prePrune | +-- on-finished@2.3.0
76 silly idealTree:prePrune | | `-- ee-first@1.1.1
76 silly idealTree:prePrune | `-- on-headers@1.0.1
76 silly idealTree:prePrune +-- multer@1.2.0
76 silly idealTree:prePrune | +-- concat-stream@1.5.1
76 silly idealTree:prePrune | +-- isarray@1.0.0
76 silly idealTree:prePrune | `-- readable-stream@2.0.6
76 silly idealTree:prePrune +-- mute-stream@0.0.6
76 silly idealTree:prePrune +-- mysql@2.11.1
76 silly idealTree:prePrune +-- nan@2.3.5
76 silly idealTree:prePrune +-- ncp@0.4.2
76 silly idealTree:prePrune +-- node-session@1.2.1
76 silly idealTree:prePrune | `-- cookie@0.1.5
76 silly idealTree:prePrune +-- node-uuid@1.4.7
76 silly idealTree:prePrune +-- nodemailer-direct-transport@3.2.0
76 silly idealTree:prePrune +-- nodemailer-fetch@1.4.0
76 silly idealTree:prePrune +-- nodemailer-shared@1.0.5
76 silly idealTree:prePrune +-- nodemailer-smtp-pool@2.7.0
76 silly idealTree:prePrune +-- nodemailer-smtp-transport@2.6.0
76 silly idealTree:prePrune +-- nodemailer-wellknown@0.1.10
76 silly idealTree:prePrune +-- nodemailer@2.5.0
76 silly idealTree:prePrune | `-- mailcomposer@3.10.0
76 silly idealTree:prePrune +-- nomnom@1.8.1
76 silly idealTree:prePrune +-- nwmatcher@1.3.8
76 silly idealTree:prePrune +-- oauth-sign@0.8.2
76 silly idealTree:prePrune +-- object-assign@3.0.0
76 silly idealTree:prePrune +-- on-finished@2.3.0
76 silly idealTree:prePrune +-- on-headers@1.0.1
76 silly idealTree:prePrune +-- once@1.3.3
76 silly idealTree:prePrune +-- optimist@0.6.1
76 silly idealTree:prePrune | `-- minimist@0.0.10
76 silly idealTree:prePrune +-- parseurl@1.3.1
76 silly idealTree:prePrune +-- path-is-absolute@1.0.0
76 silly idealTree:prePrune +-- pinkie-promise@2.0.1
76 silly idealTree:prePrune +-- pinkie@2.0.4
76 silly idealTree:prePrune +-- pkginfo@0.4.0
76 silly idealTree:prePrune +-- process-nextick-args@1.0.7
76 silly idealTree:prePrune +-- promise@7.1.1
76 silly idealTree:prePrune +-- prompt@0.2.14
76 silly idealTree:prePrune +-- proxy-addr@1.1.2
76 silly idealTree:prePrune +-- public-address@0.1.1
76 silly idealTree:prePrune +-- punycode@1.2.4
76 silly idealTree:prePrune +-- qs@6.2.1
76 silly idealTree:prePrune +-- rai@0.1.12
76 silly idealTree:prePrune +-- random-bytes@1.0.0
76 silly idealTree:prePrune +-- raw-body@1.1.7
76 silly idealTree:prePrune +-- read@1.0.7
76 silly idealTree:prePrune +-- readable-stream@1.1.14
76 silly idealTree:prePrune +-- redis-commands@1.2.0
76 silly idealTree:prePrune +-- redis-parser@2.0.4
76 silly idealTree:prePrune +-- redis@2.6.2
76 silly idealTree:prePrune +-- reduce-component@1.0.1
76 silly idealTree:prePrune +-- request@2.74.0
76 silly idealTree:prePrune +-- revalidator@0.1.8
76 silly idealTree:prePrune +-- rimraf@2.5.4
76 silly idealTree:prePrune +-- safe-json-parse@1.0.1
76 silly idealTree:prePrune +-- sanitize-arguments@2.0.3
76 silly idealTree:prePrune +-- sax@0.4.2
76 silly idealTree:prePrune +-- serve-favicon@2.3.0
76 silly idealTree:prePrune | +-- etag@1.7.0
76 silly idealTree:prePrune | +-- fresh@0.3.0
76 silly idealTree:prePrune | +-- ms@0.7.1
76 silly idealTree:prePrune | `-- parseurl@1.3.1
76 silly idealTree:prePrune +-- simplesmtp@0.3.35
76 silly idealTree:prePrune +-- slick@1.10.4
76 silly idealTree:prePrune +-- smart-buffer@1.0.11
76 silly idealTree:prePrune +-- smtp-connection@2.8.0
76 silly idealTree:prePrune +-- sntp@1.0.9
76 silly idealTree:prePrune +-- socks@1.1.9
76 silly idealTree:prePrune +-- sqlstring@2.0.1
76 silly idealTree:prePrune +-- sshpk@1.9.2
76 silly idealTree:prePrune | `-- assert-plus@1.0.0
76 silly idealTree:prePrune +-- stack-trace@0.0.9
76 silly idealTree:prePrune +-- streamifier@0.1.1
76 silly idealTree:prePrune +-- streamsearch@0.1.2
76 silly idealTree:prePrune +-- string_decoder@0.10.31
76 silly idealTree:prePrune +-- string-template@0.2.1
76 silly idealTree:prePrune +-- stringstream@0.0.5
76 silly idealTree:prePrune +-- strip-ansi@0.1.1
76 silly idealTree:prePrune +-- superagent@0.16.0
76 silly idealTree:prePrune | +-- debug@0.7.4
76 silly idealTree:prePrune | +-- mime@1.2.5
76 silly idealTree:prePrune | `-- qs@0.6.5
76 silly idealTree:prePrune +-- supports-color@2.0.0
76 silly idealTree:prePrune +-- switchback@2.0.1
76 silly idealTree:prePrune +-- tough-cookie@2.3.1
76 silly idealTree:prePrune +-- tunnel-agent@0.4.3
76 silly idealTree:prePrune +-- tweetnacl@0.13.3
76 silly idealTree:prePrune +-- type-is@1.6.13
76 silly idealTree:prePrune +-- typedarray@0.0.6
76 silly idealTree:prePrune +-- uid-safe@2.1.1
76 silly idealTree:prePrune +-- underscore@1.6.0
76 silly idealTree:prePrune +-- util-deprecate@1.0.2
76 silly idealTree:prePrune +-- utile@0.2.1
76 silly idealTree:prePrune | `-- async@0.2.10
76 silly idealTree:prePrune +-- utils-merge@1.0.0
76 silly idealTree:prePrune +-- uuid@1.4.2
76 silly idealTree:prePrune +-- validator@4.4.0
76 silly idealTree:prePrune +-- verror@1.3.6
76 silly idealTree:prePrune +-- waterline-criteria@0.11.2
76 silly idealTree:prePrune | `-- lodash@2.4.2
76 silly idealTree:prePrune +-- waterline-schema@0.1.20
76 silly idealTree:prePrune +-- waterline@0.10.31
76 silly idealTree:prePrune | `-- lodash@3.9.3
76 silly idealTree:prePrune +-- winston@0.8.3
76 silly idealTree:prePrune | +-- async@0.2.10
76 silly idealTree:prePrune | `-- pkginfo@0.3.1
76 silly idealTree:prePrune +-- wordwrap@0.0.3
76 silly idealTree:prePrune +-- wrappy@1.0.2
76 silly idealTree:prePrune +-- xml2js@0.2.6
76 silly idealTree:prePrune +-- xmlbuilder@0.4.2
76 silly idealTree:prePrune +-- xmlhttprequest@1.8.0
76 silly idealTree:prePrune +-- xoauth2@0.1.8
76 silly idealTree:prePrune `-- xtend@4.0.1
77 silly loadIdealTree Finishing
78 silly currentTree ChemWeb19Nitt@0.0.0
78 silly currentTree +-- addressparser@0.3.2
78 silly currentTree +-- anchor@0.11.2
78 silly currentTree +-- ansi-regex@2.0.0
78 silly currentTree +-- ansi-styles@1.0.0
78 silly currentTree +-- append-field@0.1.0
78 silly currentTree +-- asap@2.0.4
78 silly currentTree +-- asn1@0.2.3
78 silly currentTree +-- assert-plus@0.2.0
78 silly currentTree +-- async@1.2.1
78 silly currentTree +-- atob@2.0.3
78 silly currentTree +-- aws-sdk-apis@3.1.10
78 silly currentTree +-- aws-sdk@2.0.5
78 silly currentTree +-- aws-sign2@0.6.0
78 silly currentTree +-- aws4@1.4.1
78 silly currentTree +-- balanced-match@0.4.2
78 silly currentTree +-- base64-url@1.2.2
78 silly currentTree +-- batch@0.5.3
78 silly currentTree +-- bcrypt@0.8.7
78 silly currentTree +-- bignumber.js@2.3.0
78 silly currentTree +-- bindings@1.2.1
78 silly currentTree +-- bl@1.1.2
78 silly currentTree | +-- isarray@1.0.0
78 silly currentTree | `-- readable-stream@2.0.6
78 silly currentTree +-- bluebird@2.9.34
78 silly currentTree +-- body-parser@1.15.2
78 silly currentTree | +-- bytes@2.4.0
78 silly currentTree | +-- content-type@1.0.2
78 silly currentTree | +-- depd@1.1.0
78 silly currentTree | +-- http-errors@1.5.0
78 silly currentTree | | +-- inherits@2.0.1
78 silly currentTree | | +-- setprototypeof@1.0.1
78 silly currentTree | | `-- statuses@1.3.0
78 silly currentTree | +-- iconv-lite@0.4.13
78 silly currentTree | +-- on-finished@2.3.0
78 silly currentTree | | `-- ee-first@1.1.1
78 silly currentTree | +-- qs@6.2.0
78 silly currentTree | +-- raw-body@2.1.7
78 silly currentTree | | `-- unpipe@1.0.0
78 silly currentTree | `-- type-is@1.6.13
78 silly currentTree |   +-- media-typer@0.3.0
78 silly currentTree |   `-- mime-types@2.1.11
78 silly currentTree |     `-- mime-db@1.23.0
78 silly currentTree +-- body@5.1.0
78 silly currentTree +-- boom@2.10.1
78 silly currentTree +-- brace-expansion@1.1.6
78 silly currentTree +-- btoa@1.1.2
78 silly currentTree +-- buffer-shims@1.0.0
78 silly currentTree +-- buildmail@3.8.0
78 silly currentTree | `-- addressparser@1.0.1
78 silly currentTree +-- busboy@0.2.13
78 silly currentTree +-- bytes@1.0.0
78 silly currentTree +-- caseless@0.11.0
78 silly currentTree +-- chalk@0.4.0
78 silly currentTree +-- client-sessions@0.7.0
78 silly currentTree +-- colors@0.6.2
78 silly currentTree +-- combined-stream@1.0.5
78 silly currentTree +-- commander@2.1.0
78 silly currentTree +-- concat-map@0.0.1
78 silly currentTree +-- concat-stream@1.4.10
78 silly currentTree +-- connect-busboy@0.0.2
78 silly currentTree +-- connect-redis@3.1.0
78 silly currentTree +-- contextify@0.1.15
78 silly currentTree +-- continuable-cache@0.3.1
78 silly currentTree +-- cookie-parser@1.4.3
78 silly currentTree | +-- cookie-signature@1.0.6
78 silly currentTree | `-- cookie@0.3.1
78 silly currentTree +-- cookie-signature@1.0.6
78 silly currentTree +-- cookie@0.3.1
78 silly currentTree +-- cookiejar@1.3.0
78 silly currentTree +-- cookies@0.5.0
78 silly currentTree +-- core-util-is@1.0.2
78 silly currentTree +-- crc@3.4.0
78 silly currentTree +-- cryptiles@2.0.5
78 silly currentTree +-- cssom@0.3.1
78 silly currentTree +-- cssstyle@0.2.36
78 silly currentTree +-- cycle@1.0.3
78 silly currentTree +-- dashdash@1.14.0
78 silly currentTree | `-- assert-plus@1.0.0
78 silly currentTree +-- debug@2.2.0
78 silly currentTree | `-- ms@0.7.1
78 silly currentTree +-- deep-diff@0.3.4
78 silly currentTree +-- deep-equal@1.0.1
78 silly currentTree +-- delayed-stream@1.0.0
78 silly currentTree +-- depd@1.1.0
78 silly currentTree +-- dicer@0.2.5
78 silly currentTree +-- directmail@0.1.8
78 silly currentTree +-- dkim-signer@0.1.2
78 silly currentTree +-- dom-serializer@0.1.0
78 silly currentTree | `-- domelementtype@1.1.3
78 silly currentTree +-- domelementtype@1.3.0
78 silly currentTree +-- domhandler@2.3.0
78 silly currentTree +-- domutils@1.5.1
78 silly currentTree +-- dot-access@0.0.5
78 silly currentTree +-- double-ended-queue@2.1.0-0
78 silly currentTree +-- ecc-jsbn@0.1.1
78 silly currentTree +-- ee-first@1.1.1
78 silly currentTree +-- ejs@2.4.2
78 silly currentTree +-- emitter-component@1.0.0
78 silly currentTree +-- encoding@0.1.12
78 silly currentTree +-- encrypter@1.0.0-beta
78 silly currentTree +-- entities@1.1.1
78 silly currentTree +-- error@7.0.2
78 silly currentTree +-- escape-string-regexp@1.0.5
78 silly currentTree +-- express-busboy@4.0.0
78 silly currentTree | `-- qs@5.2.1
78 silly currentTree +-- express-fileupload@0.0.5
78 silly currentTree | `-- fs-extra@0.22.1
78 silly currentTree +-- express-mail@0.0.1
78 silly currentTree | `-- nodemailer@0.6.5
78 silly currentTree +-- express-mailer@0.3.1
78 silly currentTree | `-- nodemailer@0.7.1
78 silly currentTree +-- express-redirect@1.2.2
78 silly currentTree +-- express-session@1.14.0
78 silly currentTree +-- express-validator@2.20.8
78 silly currentTree | +-- bluebird@3.4.1
78 silly currentTree | +-- lodash@4.13.1
78 silly currentTree | `-- validator@5.4.0
78 silly currentTree +-- express@4.13.4
78 silly currentTree | +-- accepts@1.2.13
78 silly currentTree | | +-- mime-types@2.1.11
78 silly currentTree | | | `-- mime-db@1.23.0
78 silly currentTree | | `-- negotiator@0.5.3
78 silly currentTree | +-- array-flatten@1.1.1
78 silly currentTree | +-- content-disposition@0.5.1
78 silly currentTree | +-- content-type@1.0.2
78 silly currentTree | +-- cookie-signature@1.0.6
78 silly currentTree | +-- cookie@0.1.5
78 silly currentTree | +-- depd@1.1.0
78 silly currentTree | +-- escape-html@1.0.3
78 silly currentTree | +-- etag@1.7.0
78 silly currentTree | +-- finalhandler@0.4.1
78 silly currentTree | | `-- unpipe@1.0.0
78 silly currentTree | +-- fresh@0.3.0
78 silly currentTree | +-- merge-descriptors@1.0.1
78 silly currentTree | +-- methods@1.1.2
78 silly currentTree | +-- on-finished@2.3.0
78 silly currentTree | | `-- ee-first@1.1.1
78 silly currentTree | +-- parseurl@1.3.1
78 silly currentTree | +-- path-to-regexp@0.1.7
78 silly currentTree | +-- proxy-addr@1.0.10
78 silly currentTree | | +-- forwarded@0.1.0
78 silly currentTree | | `-- ipaddr.js@1.0.5
78 silly currentTree | +-- qs@4.0.0
78 silly currentTree | +-- range-parser@1.0.3
78 silly currentTree | +-- send@0.13.1
78 silly currentTree | | +-- destroy@1.0.4
78 silly currentTree | | +-- http-errors@1.3.1
78 silly currentTree | | | `-- inherits@2.0.1
78 silly currentTree | | +-- mime@1.3.4
78 silly currentTree | | +-- ms@0.7.1
78 silly currentTree | | `-- statuses@1.2.1
78 silly currentTree | +-- serve-static@1.10.3
78 silly currentTree | | `-- send@0.13.2
78 silly currentTree | |   +-- destroy@1.0.4
78 silly currentTree | |   +-- http-errors@1.3.1
78 silly currentTree | |   | `-- inherits@2.0.1
78 silly currentTree | |   +-- mime@1.3.4
78 silly currentTree | |   +-- ms@0.7.1
78 silly currentTree | |   `-- statuses@1.2.1
78 silly currentTree | +-- type-is@1.6.13
78 silly currentTree | | +-- media-typer@0.3.0
78 silly currentTree | | `-- mime-types@2.1.11
78 silly currentTree | |   `-- mime-db@1.23.0
78 silly currentTree | +-- utils-merge@1.0.0
78 silly currentTree | `-- vary@1.0.1
78 silly currentTree +-- extend@3.0.0
78 silly currentTree +-- extsprintf@1.0.2
78 silly currentTree +-- eyes@0.1.8
78 silly currentTree +-- follow-redirects@0.0.3
78 silly currentTree | `-- underscore@1.8.3
78 silly currentTree +-- forever-agent@0.6.1
78 silly currentTree +-- form-data@1.0.0-rc4
78 silly currentTree | `-- async@1.5.2
78 silly currentTree +-- formidable@1.0.14
78 silly currentTree +-- forwarded@0.1.0
78 silly currentTree +-- fs-extra@0.24.0
78 silly currentTree +-- fs.realpath@1.0.0
78 silly currentTree +-- generate-function@2.0.0
78 silly currentTree +-- generate-object-property@1.2.0
78 silly currentTree +-- geojsonhint@1.1.0
78 silly currentTree +-- getpass@0.1.6
78 silly currentTree | `-- assert-plus@1.0.0
78 silly currentTree +-- glob@7.0.5
78 silly currentTree +-- global-request-logger@0.1.0
78 silly currentTree | `-- lodash@2.4.2
78 silly currentTree +-- graceful-fs@4.1.5
78 silly currentTree +-- graceful-readlink@1.0.1
78 silly currentTree +-- har-validator@2.0.6
78 silly currentTree | +-- ansi-styles@2.2.1
78 silly currentTree | +-- chalk@1.1.3
78 silly currentTree | +-- commander@2.9.0
78 silly currentTree | `-- strip-ansi@3.0.1
78 silly currentTree +-- has-ansi@2.0.0
78 silly currentTree +-- has-color@0.1.7
78 silly currentTree +-- hawk@3.1.3
78 silly currentTree +-- he@0.3.6
78 silly currentTree +-- hoek@2.16.3
78 silly currentTree +-- htmlparser2@3.9.1
78 silly currentTree | +-- isarray@1.0.0
78 silly currentTree | `-- readable-stream@2.1.4
78 silly currentTree +-- http-signature@1.1.1
78 silly currentTree +-- httpntlm@1.6.1
78 silly currentTree | `-- underscore@1.7.0
78 silly currentTree +-- httpreq@0.4.22
78 silly currentTree +-- i@0.3.5
78 silly currentTree +-- iconv-lite@0.4.13
78 silly currentTree +-- inflight@1.0.5
78 silly currentTree +-- inherits@2.0.1
78 silly currentTree +-- ip@1.1.3
78 silly currentTree +-- ipaddr.js@1.1.1
78 silly currentTree +-- is-my-json-valid@2.13.1
78 silly currentTree +-- is-property@1.0.2
78 silly currentTree +-- is-typedarray@1.0.0
78 silly currentTree +-- isarray@0.0.1
78 silly currentTree +-- isstream@0.1.2
78 silly currentTree +-- jodid25519@1.0.2
78 silly currentTree +-- jsbn@0.1.0
78 silly currentTree +-- jsdom@0.8.11
78 silly currentTree +-- json-schema@0.2.2
78 silly currentTree +-- json-stringify-safe@5.0.1
78 silly currentTree +-- jsonfile@2.3.1
78 silly currentTree +-- jsonlint-lines@1.6.0
78 silly currentTree +-- jsonpointer@2.0.0
78 silly currentTree +-- jsprim@1.3.0
78 silly currentTree +-- JSV@4.0.2
78 silly currentTree +-- juice2@0.5.1
78 silly currentTree +-- keygrip@1.0.1
78 silly currentTree +-- libbase64@0.1.0
78 silly currentTree +-- libmime@2.0.3
78 silly currentTree +-- libqp@1.1.0
78 silly currentTree +-- lodash@3.10.1
78 silly currentTree +-- mailcomposer@0.2.12
78 silly currentTree | `-- mime@1.2.11
78 silly currentTree +-- media-typer@0.3.0
78 silly currentTree +-- methods@0.0.1
78 silly currentTree +-- mime-db@1.23.0
78 silly currentTree +-- mime-types@2.1.11
78 silly currentTree +-- mime@1.2.5
78 silly currentTree +-- mimelib@0.2.19
78 silly currentTree +-- minimatch@3.0.3
78 silly currentTree +-- minimist@1.1.1
78 silly currentTree +-- mkdirp@0.5.1
78 silly currentTree | `-- minimist@0.0.8
78 silly currentTree +-- morgan@1.7.0
78 silly currentTree | +-- basic-auth@1.0.4
78 silly currentTree | +-- depd@1.1.0
78 silly currentTree | +-- on-finished@2.3.0
78 silly currentTree | | `-- ee-first@1.1.1
78 silly currentTree | `-- on-headers@1.0.1
78 silly currentTree +-- multer@1.2.0
78 silly currentTree | +-- concat-stream@1.5.1
78 silly currentTree | +-- isarray@1.0.0
78 silly currentTree | `-- readable-stream@2.0.6
78 silly currentTree +-- mute-stream@0.0.6
78 silly currentTree +-- mysql@2.11.1
78 silly currentTree +-- nan@2.3.5
78 silly currentTree +-- ncp@0.4.2
78 silly currentTree +-- node-session@1.2.1
78 silly currentTree | `-- cookie@0.1.5
78 silly currentTree +-- node-uuid@1.4.7
78 silly currentTree +-- nodemailer-direct-transport@3.2.0
78 silly currentTree +-- nodemailer-fetch@1.4.0
78 silly currentTree +-- nodemailer-shared@1.0.5
78 silly currentTree +-- nodemailer-smtp-pool@2.7.0
78 silly currentTree +-- nodemailer-smtp-transport@2.6.0
78 silly currentTree +-- nodemailer-wellknown@0.1.10
78 silly currentTree +-- nodemailer@2.5.0
78 silly currentTree | `-- mailcomposer@3.10.0
78 silly currentTree +-- nomnom@1.8.1
78 silly currentTree +-- nwmatcher@1.3.8
78 silly currentTree +-- oauth-sign@0.8.2
78 silly currentTree +-- object-assign@3.0.0
78 silly currentTree +-- on-finished@2.3.0
78 silly currentTree +-- on-headers@1.0.1
78 silly currentTree +-- once@1.3.3
78 silly currentTree +-- optimist@0.6.1
78 silly currentTree | `-- minimist@0.0.10
78 silly currentTree +-- parseurl@1.3.1
78 silly currentTree +-- path-is-absolute@1.0.0
78 silly currentTree +-- pinkie-promise@2.0.1
78 silly currentTree +-- pinkie@2.0.4
78 silly currentTree +-- pkginfo@0.4.0
78 silly currentTree +-- process-nextick-args@1.0.7
78 silly currentTree +-- promise@7.1.1
78 silly currentTree +-- prompt@0.2.14
78 silly currentTree +-- proxy-addr@1.1.2
78 silly currentTree +-- public-address@0.1.1
78 silly currentTree +-- punycode@1.2.4
78 silly currentTree +-- qs@6.2.1
78 silly currentTree +-- rai@0.1.12
78 silly currentTree +-- random-bytes@1.0.0
78 silly currentTree +-- raw-body@1.1.7
78 silly currentTree +-- read@1.0.7
78 silly currentTree +-- readable-stream@1.1.14
78 silly currentTree +-- redis-commands@1.2.0
78 silly currentTree +-- redis-parser@2.0.4
78 silly currentTree +-- redis@2.6.2
78 silly currentTree +-- reduce-component@1.0.1
78 silly currentTree +-- request@2.74.0
78 silly currentTree +-- revalidator@0.1.8
78 silly currentTree +-- rimraf@2.5.4
78 silly currentTree +-- safe-json-parse@1.0.1
78 silly currentTree +-- sanitize-arguments@2.0.3
78 silly currentTree +-- sax@0.4.2
78 silly currentTree +-- serve-favicon@2.3.0
78 silly currentTree | +-- etag@1.7.0
78 silly currentTree | +-- fresh@0.3.0
78 silly currentTree | +-- ms@0.7.1
78 silly currentTree | `-- parseurl@1.3.1
78 silly currentTree +-- simplesmtp@0.3.35
78 silly currentTree +-- slick@1.10.4
78 silly currentTree +-- smart-buffer@1.0.11
78 silly currentTree +-- smtp-connection@2.8.0
78 silly currentTree +-- sntp@1.0.9
78 silly currentTree +-- socks@1.1.9
78 silly currentTree +-- sqlstring@2.0.1
78 silly currentTree +-- sshpk@1.9.2
78 silly currentTree | `-- assert-plus@1.0.0
78 silly currentTree +-- stack-trace@0.0.9
78 silly currentTree +-- streamifier@0.1.1
78 silly currentTree +-- streamsearch@0.1.2
78 silly currentTree +-- string_decoder@0.10.31
78 silly currentTree +-- string-template@0.2.1
78 silly currentTree +-- stringstream@0.0.5
78 silly currentTree +-- strip-ansi@0.1.1
78 silly currentTree +-- superagent@0.16.0
78 silly currentTree | +-- debug@0.7.4
78 silly currentTree | +-- mime
78 silly currentTree | `-- qs@0.6.5
78 silly currentTree +-- supports-color@2.0.0
78 silly currentTree +-- switchback@2.0.1
78 silly currentTree +-- tough-cookie@2.3.1
78 silly currentTree +-- tunnel-agent@0.4.3
78 silly currentTree +-- tweetnacl@0.13.3
78 silly currentTree +-- type-is@1.6.13
78 silly currentTree +-- typedarray@0.0.6
78 silly currentTree +-- uid-safe@2.1.1
78 silly currentTree +-- underscore@1.6.0
78 silly currentTree +-- util-deprecate@1.0.2
78 silly currentTree +-- utile@0.2.1
78 silly currentTree | `-- async@0.2.10
78 silly currentTree +-- utils-merge@1.0.0
78 silly currentTree +-- uuid@1.4.2
78 silly currentTree +-- validator@4.4.0
78 silly currentTree +-- verror@1.3.6
78 silly currentTree +-- waterline-criteria@0.11.2
78 silly currentTree | `-- lodash@2.4.2
78 silly currentTree +-- waterline-schema@0.1.20
78 silly currentTree +-- waterline@0.10.31
78 silly currentTree | `-- lodash@3.9.3
78 silly currentTree +-- winston@0.8.3
78 silly currentTree | +-- async@0.2.10
78 silly currentTree | `-- pkginfo@0.3.1
78 silly currentTree +-- wordwrap@0.0.3
78 silly currentTree +-- wrappy@1.0.2
78 silly currentTree +-- xml2js@0.2.6
78 silly currentTree +-- xmlbuilder@0.4.2
78 silly currentTree +-- xmlhttprequest@1.8.0
78 silly currentTree +-- xoauth2@0.1.8
78 silly currentTree `-- xtend@4.0.1
79 silly idealTree ChemWeb19Nitt@0.0.0
79 silly idealTree +-- addressparser@0.3.2
79 silly idealTree +-- anchor@0.11.2
79 silly idealTree +-- ansi-regex@2.0.0
79 silly idealTree +-- ansi-styles@1.0.0
79 silly idealTree +-- append-field@0.1.0
79 silly idealTree +-- asap@2.0.4
79 silly idealTree +-- asn1@0.2.3
79 silly idealTree +-- assert-plus@0.2.0
79 silly idealTree +-- async@1.2.1
79 silly idealTree +-- atob@2.0.3
79 silly idealTree +-- aws-sdk-apis@3.1.10
79 silly idealTree +-- aws-sdk@2.0.5
79 silly idealTree +-- aws-sign2@0.6.0
79 silly idealTree +-- aws4@1.4.1
79 silly idealTree +-- balanced-match@0.4.2
79 silly idealTree +-- base64-url@1.2.2
79 silly idealTree +-- batch@0.5.3
79 silly idealTree +-- bcrypt@0.8.7
79 silly idealTree +-- bignumber.js@2.3.0
79 silly idealTree +-- bindings@1.2.1
79 silly idealTree +-- bl@1.1.2
79 silly idealTree | +-- isarray@1.0.0
79 silly idealTree | `-- readable-stream@2.0.6
79 silly idealTree +-- bluebird@2.9.34
79 silly idealTree +-- body-parser@1.15.2
79 silly idealTree | +-- bytes@2.4.0
79 silly idealTree | +-- content-type@1.0.2
79 silly idealTree | +-- depd@1.1.0
79 silly idealTree | +-- http-errors@1.5.0
79 silly idealTree | | +-- inherits@2.0.1
79 silly idealTree | | +-- setprototypeof@1.0.1
79 silly idealTree | | `-- statuses@1.3.0
79 silly idealTree | +-- iconv-lite@0.4.13
79 silly idealTree | +-- on-finished@2.3.0
79 silly idealTree | | `-- ee-first@1.1.1
79 silly idealTree | +-- qs@6.2.0
79 silly idealTree | +-- raw-body@2.1.7
79 silly idealTree | | `-- unpipe@1.0.0
79 silly idealTree | `-- type-is@1.6.13
79 silly idealTree |   +-- media-typer@0.3.0
79 silly idealTree |   `-- mime-types@2.1.11
79 silly idealTree |     `-- mime-db@1.23.0
79 silly idealTree +-- body@5.1.0
79 silly idealTree +-- boom@2.10.1
79 silly idealTree +-- brace-expansion@1.1.6
79 silly idealTree +-- btoa@1.1.2
79 silly idealTree +-- buffer-shims@1.0.0
79 silly idealTree +-- buildmail@3.8.0
79 silly idealTree | `-- addressparser@1.0.1
79 silly idealTree +-- busboy@0.2.13
79 silly idealTree +-- bytes@1.0.0
79 silly idealTree +-- caseless@0.11.0
79 silly idealTree +-- chalk@0.4.0
79 silly idealTree +-- client-sessions@0.7.0
79 silly idealTree +-- colors@0.6.2
79 silly idealTree +-- combined-stream@1.0.5
79 silly idealTree +-- commander@2.1.0
79 silly idealTree +-- concat-map@0.0.1
79 silly idealTree +-- concat-stream@1.4.10
79 silly idealTree +-- connect-busboy@0.0.2
79 silly idealTree +-- connect-redis@3.1.0
79 silly idealTree +-- contextify@0.1.15
79 silly idealTree +-- continuable-cache@0.3.1
79 silly idealTree +-- cookie-parser@1.4.3
79 silly idealTree | +-- cookie-signature@1.0.6
79 silly idealTree | `-- cookie@0.3.1
79 silly idealTree +-- cookie-signature@1.0.6
79 silly idealTree +-- cookie@0.3.1
79 silly idealTree +-- cookiejar@1.3.0
79 silly idealTree +-- cookies@0.5.0
79 silly idealTree +-- core-util-is@1.0.2
79 silly idealTree +-- crc@3.4.0
79 silly idealTree +-- cryptiles@2.0.5
79 silly idealTree +-- cssom@0.3.1
79 silly idealTree +-- cssstyle@0.2.36
79 silly idealTree +-- cycle@1.0.3
79 silly idealTree +-- dashdash@1.14.0
79 silly idealTree | `-- assert-plus@1.0.0
79 silly idealTree +-- debug@2.2.0
79 silly idealTree | `-- ms@0.7.1
79 silly idealTree +-- deep-diff@0.3.4
79 silly idealTree +-- deep-equal@1.0.1
79 silly idealTree +-- delayed-stream@1.0.0
79 silly idealTree +-- depd@1.1.0
79 silly idealTree +-- dicer@0.2.5
79 silly idealTree +-- directmail@0.1.8
79 silly idealTree +-- dkim-signer@0.1.2
79 silly idealTree +-- dom-serializer@0.1.0
79 silly idealTree | `-- domelementtype@1.1.3
79 silly idealTree +-- domelementtype@1.3.0
79 silly idealTree +-- domhandler@2.3.0
79 silly idealTree +-- domutils@1.5.1
79 silly idealTree +-- dot-access@0.0.5
79 silly idealTree +-- double-ended-queue@2.1.0-0
79 silly idealTree +-- ecc-jsbn@0.1.1
79 silly idealTree +-- ee-first@1.1.1
79 silly idealTree +-- ejs@2.4.2
79 silly idealTree +-- emitter-component@1.0.0
79 silly idealTree +-- encoding@0.1.12
79 silly idealTree +-- encrypter@1.0.0-beta
79 silly idealTree +-- entities@1.1.1
79 silly idealTree +-- error@7.0.2
79 silly idealTree +-- escape-string-regexp@1.0.5
79 silly idealTree +-- express-busboy@4.0.0
79 silly idealTree | `-- qs@5.2.1
79 silly idealTree +-- express-fileupload@0.0.5
79 silly idealTree | `-- fs-extra@0.22.1
79 silly idealTree +-- express-mail@0.0.1
79 silly idealTree | `-- nodemailer@0.6.5
79 silly idealTree +-- express-mailer@0.3.1
79 silly idealTree | `-- nodemailer@0.7.1
79 silly idealTree +-- express-redirect@1.2.2
79 silly idealTree +-- express-session@1.14.0
79 silly idealTree +-- express-validator@2.20.8
79 silly idealTree | +-- bluebird@3.4.1
79 silly idealTree | +-- lodash@4.13.1
79 silly idealTree | `-- validator@5.4.0
79 silly idealTree +-- express@4.13.4
79 silly idealTree | +-- accepts@1.2.13
79 silly idealTree | | +-- mime-types@2.1.11
79 silly idealTree | | | `-- mime-db@1.23.0
79 silly idealTree | | `-- negotiator@0.5.3
79 silly idealTree | +-- array-flatten@1.1.1
79 silly idealTree | +-- content-disposition@0.5.1
79 silly idealTree | +-- content-type@1.0.2
79 silly idealTree | +-- cookie-signature@1.0.6
79 silly idealTree | +-- cookie@0.1.5
79 silly idealTree | +-- depd@1.1.0
79 silly idealTree | +-- escape-html@1.0.3
79 silly idealTree | +-- etag@1.7.0
79 silly idealTree | +-- finalhandler@0.4.1
79 silly idealTree | | `-- unpipe@1.0.0
79 silly idealTree | +-- fresh@0.3.0
79 silly idealTree | +-- merge-descriptors@1.0.1
79 silly idealTree | +-- methods@1.1.2
79 silly idealTree | +-- on-finished@2.3.0
79 silly idealTree | | `-- ee-first@1.1.1
79 silly idealTree | +-- parseurl@1.3.1
79 silly idealTree | +-- path-to-regexp@0.1.7
79 silly idealTree | +-- proxy-addr@1.0.10
79 silly idealTree | | +-- forwarded@0.1.0
79 silly idealTree | | `-- ipaddr.js@1.0.5
79 silly idealTree | +-- qs@4.0.0
79 silly idealTree | +-- range-parser@1.0.3
79 silly idealTree | +-- send@0.13.1
79 silly idealTree | | +-- destroy@1.0.4
79 silly idealTree | | +-- http-errors@1.3.1
79 silly idealTree | | | `-- inherits@2.0.1
79 silly idealTree | | +-- mime@1.3.4
79 silly idealTree | | +-- ms@0.7.1
79 silly idealTree | | `-- statuses@1.2.1
79 silly idealTree | +-- serve-static@1.10.3
79 silly idealTree | | `-- send@0.13.2
79 silly idealTree | |   +-- destroy@1.0.4
79 silly idealTree | |   +-- http-errors@1.3.1
79 silly idealTree | |   | `-- inherits@2.0.1
79 silly idealTree | |   +-- mime@1.3.4
79 silly idealTree | |   +-- ms@0.7.1
79 silly idealTree | |   `-- statuses@1.2.1
79 silly idealTree | +-- type-is@1.6.13
79 silly idealTree | | +-- media-typer@0.3.0
79 silly idealTree | | `-- mime-types@2.1.11
79 silly idealTree | |   `-- mime-db@1.23.0
79 silly idealTree | +-- utils-merge@1.0.0
79 silly idealTree | `-- vary@1.0.1
79 silly idealTree +-- extend@3.0.0
79 silly idealTree +-- extsprintf@1.0.2
79 silly idealTree +-- eyes@0.1.8
79 silly idealTree +-- follow-redirects@0.0.3
79 silly idealTree | `-- underscore@1.8.3
79 silly idealTree +-- forever-agent@0.6.1
79 silly idealTree +-- form-data@1.0.0-rc4
79 silly idealTree | `-- async@1.5.2
79 silly idealTree +-- formidable@1.0.14
79 silly idealTree +-- forwarded@0.1.0
79 silly idealTree +-- fs-extra@0.24.0
79 silly idealTree +-- fs.realpath@1.0.0
79 silly idealTree +-- generate-function@2.0.0
79 silly idealTree +-- generate-object-property@1.2.0
79 silly idealTree +-- geojsonhint@1.1.0
79 silly idealTree +-- getpass@0.1.6
79 silly idealTree | `-- assert-plus@1.0.0
79 silly idealTree +-- glob@7.0.5
79 silly idealTree +-- global-request-logger@0.1.0
79 silly idealTree | `-- lodash@2.4.2
79 silly idealTree +-- graceful-fs@4.1.5
79 silly idealTree +-- graceful-readlink@1.0.1
79 silly idealTree +-- har-validator@2.0.6
79 silly idealTree | +-- ansi-styles@2.2.1
79 silly idealTree | +-- chalk@1.1.3
79 silly idealTree | +-- commander@2.9.0
79 silly idealTree | `-- strip-ansi@3.0.1
79 silly idealTree +-- has-ansi@2.0.0
79 silly idealTree +-- has-color@0.1.7
79 silly idealTree +-- hawk@3.1.3
79 silly idealTree +-- he@0.3.6
79 silly idealTree +-- hoek@2.16.3
79 silly idealTree +-- htmlparser2@3.9.1
79 silly idealTree | +-- isarray@1.0.0
79 silly idealTree | `-- readable-stream@2.1.4
79 silly idealTree +-- http-signature@1.1.1
79 silly idealTree +-- httpntlm@1.6.1
79 silly idealTree | `-- underscore@1.7.0
79 silly idealTree +-- httpreq@0.4.22
79 silly idealTree +-- i@0.3.5
79 silly idealTree +-- iconv-lite@0.4.13
79 silly idealTree +-- inflight@1.0.5
79 silly idealTree +-- inherits@2.0.1
79 silly idealTree +-- ip@1.1.3
79 silly idealTree +-- ipaddr.js@1.1.1
79 silly idealTree +-- is-my-json-valid@2.13.1
79 silly idealTree +-- is-property@1.0.2
79 silly idealTree +-- is-typedarray@1.0.0
79 silly idealTree +-- isarray@0.0.1
79 silly idealTree +-- isstream@0.1.2
79 silly idealTree +-- jodid25519@1.0.2
79 silly idealTree +-- jsbn@0.1.0
79 silly idealTree +-- jsdom@0.8.11
79 silly idealTree +-- json-schema@0.2.2
79 silly idealTree +-- json-stringify-safe@5.0.1
79 silly idealTree +-- jsonfile@2.3.1
79 silly idealTree +-- jsonlint-lines@1.6.0
79 silly idealTree +-- jsonpointer@2.0.0
79 silly idealTree +-- jsprim@1.3.0
79 silly idealTree +-- JSV@4.0.2
79 silly idealTree +-- juice2@0.5.1
79 silly idealTree +-- keygrip@1.0.1
79 silly idealTree +-- libbase64@0.1.0
79 silly idealTree +-- libmime@2.0.3
79 silly idealTree +-- libqp@1.1.0
79 silly idealTree +-- lodash@3.10.1
79 silly idealTree +-- mailcomposer@0.2.12
79 silly idealTree | `-- mime@1.2.11
79 silly idealTree +-- media-typer@0.3.0
79 silly idealTree +-- methods@0.0.1
79 silly idealTree +-- mime-db@1.23.0
79 silly idealTree +-- mime-types@2.1.11
79 silly idealTree +-- mime@1.3.4
79 silly idealTree +-- mimelib@0.2.19
79 silly idealTree +-- minimatch@3.0.3
79 silly idealTree +-- minimist@1.1.1
79 silly idealTree +-- mkdirp@0.5.1
79 silly idealTree | `-- minimist@0.0.8
79 silly idealTree +-- morgan@1.7.0
79 silly idealTree | +-- basic-auth@1.0.4
79 silly idealTree | +-- depd@1.1.0
79 silly idealTree | +-- on-finished@2.3.0
79 silly idealTree | | `-- ee-first@1.1.1
79 silly idealTree | `-- on-headers@1.0.1
79 silly idealTree +-- multer@1.2.0
79 silly idealTree | +-- concat-stream@1.5.1
79 silly idealTree | +-- isarray@1.0.0
79 silly idealTree | `-- readable-stream@2.0.6
79 silly idealTree +-- mute-stream@0.0.6
79 silly idealTree +-- mysql@2.11.1
79 silly idealTree +-- nan@2.3.5
79 silly idealTree +-- ncp@0.4.2
79 silly idealTree +-- node-session@1.2.1
79 silly idealTree | `-- cookie@0.1.5
79 silly idealTree +-- node-uuid@1.4.7
79 silly idealTree +-- nodemailer-direct-transport@3.2.0
79 silly idealTree +-- nodemailer-fetch@1.4.0
79 silly idealTree +-- nodemailer-shared@1.0.5
79 silly idealTree +-- nodemailer-smtp-pool@2.7.0
79 silly idealTree +-- nodemailer-smtp-transport@2.6.0
79 silly idealTree +-- nodemailer-wellknown@0.1.10
79 silly idealTree +-- nodemailer@2.5.0
79 silly idealTree | `-- mailcomposer@3.10.0
79 silly idealTree +-- nomnom@1.8.1
79 silly idealTree +-- nwmatcher@1.3.8
79 silly idealTree +-- oauth-sign@0.8.2
79 silly idealTree +-- object-assign@3.0.0
79 silly idealTree +-- on-finished@2.3.0
79 silly idealTree +-- on-headers@1.0.1
79 silly idealTree +-- once@1.3.3
79 silly idealTree +-- optimist@0.6.1
79 silly idealTree | `-- minimist@0.0.10
79 silly idealTree +-- parseurl@1.3.1
79 silly idealTree +-- path-is-absolute@1.0.0
79 silly idealTree +-- pinkie-promise@2.0.1
79 silly idealTree +-- pinkie@2.0.4
79 silly idealTree +-- pkginfo@0.4.0
79 silly idealTree +-- process-nextick-args@1.0.7
79 silly idealTree +-- promise@7.1.1
79 silly idealTree +-- prompt@0.2.14
79 silly idealTree +-- proxy-addr@1.1.2
79 silly idealTree +-- public-address@0.1.1
79 silly idealTree +-- punycode@1.2.4
79 silly idealTree +-- qs@6.2.1
79 silly idealTree +-- rai@0.1.12
79 silly idealTree +-- random-bytes@1.0.0
79 silly idealTree +-- raw-body@1.1.7
79 silly idealTree +-- read@1.0.7
79 silly idealTree +-- readable-stream@1.1.14
79 silly idealTree +-- redis-commands@1.2.0
79 silly idealTree +-- redis-parser@2.0.4
79 silly idealTree +-- redis@2.6.2
79 silly idealTree +-- reduce-component@1.0.1
79 silly idealTree +-- request@2.74.0
79 silly idealTree +-- revalidator@0.1.8
79 silly idealTree +-- rimraf@2.5.4
79 silly idealTree +-- safe-json-parse@1.0.1
79 silly idealTree +-- sanitize-arguments@2.0.3
79 silly idealTree +-- sax@0.4.2
79 silly idealTree +-- serve-favicon@2.3.0
79 silly idealTree | +-- etag@1.7.0
79 silly idealTree | +-- fresh@0.3.0
79 silly idealTree | +-- ms@0.7.1
79 silly idealTree | `-- parseurl@1.3.1
79 silly idealTree +-- simplesmtp@0.3.35
79 silly idealTree +-- slick@1.10.4
79 silly idealTree +-- smart-buffer@1.0.11
79 silly idealTree +-- smtp-connection@2.8.0
79 silly idealTree +-- sntp@1.0.9
79 silly idealTree +-- socks@1.1.9
79 silly idealTree +-- sqlstring@2.0.1
79 silly idealTree +-- sshpk@1.9.2
79 silly idealTree | `-- assert-plus@1.0.0
79 silly idealTree +-- stack-trace@0.0.9
79 silly idealTree +-- streamifier@0.1.1
79 silly idealTree +-- streamsearch@0.1.2
79 silly idealTree +-- string_decoder@0.10.31
79 silly idealTree +-- string-template@0.2.1
79 silly idealTree +-- stringstream@0.0.5
79 silly idealTree +-- strip-ansi@0.1.1
79 silly idealTree +-- superagent@0.16.0
79 silly idealTree | +-- debug@0.7.4
79 silly idealTree | +-- mime@1.2.5
79 silly idealTree | `-- qs@0.6.5
79 silly idealTree +-- supports-color@2.0.0
79 silly idealTree +-- switchback@2.0.1
79 silly idealTree +-- tough-cookie@2.3.1
79 silly idealTree +-- tunnel-agent@0.4.3
79 silly idealTree +-- tweetnacl@0.13.3
79 silly idealTree +-- type-is@1.6.13
79 silly idealTree +-- typedarray@0.0.6
79 silly idealTree +-- uid-safe@2.1.1
79 silly idealTree +-- underscore@1.6.0
79 silly idealTree +-- util-deprecate@1.0.2
79 silly idealTree +-- utile@0.2.1
79 silly idealTree | `-- async@0.2.10
79 silly idealTree +-- utils-merge@1.0.0
79 silly idealTree +-- uuid@1.4.2
79 silly idealTree +-- validator@4.4.0
79 silly idealTree +-- verror@1.3.6
79 silly idealTree +-- waterline-criteria@0.11.2
79 silly idealTree | `-- lodash@2.4.2
79 silly idealTree +-- waterline-schema@0.1.20
79 silly idealTree +-- waterline@0.10.31
79 silly idealTree | `-- lodash@3.9.3
79 silly idealTree +-- winston@0.8.3
79 silly idealTree | +-- async@0.2.10
79 silly idealTree | `-- pkginfo@0.3.1
79 silly idealTree +-- wordwrap@0.0.3
79 silly idealTree +-- wrappy@1.0.2
79 silly idealTree +-- xml2js@0.2.6
79 silly idealTree +-- xmlbuilder@0.4.2
79 silly idealTree +-- xmlhttprequest@1.8.0
79 silly idealTree +-- xoauth2@0.1.8
79 silly idealTree `-- xtend@4.0.1
80 silly generateActionsToTake Starting
81 silly install generateActionsToTake
82 warn checkPermissions Missing write access to /home/nirabhra/Desktop/ChemWeb19Nitt/node_modules/superagent/node_modules
83 silly rollbackFailedOptional Starting
84 silly rollbackFailedOptional Finishing
85 silly runTopLevelLifecycles Starting
86 silly runTopLevelLifecycles Finishing
87 silly install printInstalled
88 verbose stack Error: EACCES: permission denied, access '/home/nirabhra/Desktop/ChemWeb19Nitt/node_modules/superagent/node_modules'
88 verbose stack     at Error (native)
89 verbose cwd /home/nirabhra/Desktop/ChemWeb19Nitt
90 error Linux 4.4.0-34-generic
91 error argv "/usr/bin/nodejs" "/usr/bin/npm" "install" "mime"
92 error node v4.2.6
93 error npm  v3.5.2
94 error path /home/nirabhra/Desktop/ChemWeb19Nitt/node_modules/superagent/node_modules
95 error code EACCES
96 error errno -13
97 error syscall access
98 error Error: EACCES: permission denied, access '/home/nirabhra/Desktop/ChemWeb19Nitt/node_modules/superagent/node_modules'
98 error     at Error (native)
98 error  { [Error: EACCES: permission denied, access '/home/nirabhra/Desktop/ChemWeb19Nitt/node_modules/superagent/node_modules']
98 error   errno: -13,
98 error   code: 'EACCES',
98 error   syscall: 'access',
98 error   path: '/home/nirabhra/Desktop/ChemWeb19Nitt/node_modules/superagent/node_modules' }
99 error Please try running this command again as root/Administrator.
100 verbose exit [ -13, true ]
